[03:17:40] [main/INFO]: Loading Minecraft 1.21 with Fabric Loader 0.16.3
[03:17:40] [main/INFO]: Loading 64 mods:
	- balm-fabric 21.0.23
	   \-- kuma_api 21.0.5-SNAPSHOT
	- bundle_pins 1.1
	- cloth-config 15.0.140
	   \-- cloth-basic-math 0.6.1
	- customizableelytra 2.2.7+1.21
	- elytraslot 9.0.1+1.21.1
	- fabric-api 0.102.0+1.21
	   |-- fabric-api-base 0.4.42+6573ed8cd1
	   |-- fabric-api-lookup-api-v1 1.6.68+b5597344d1
	   |-- fabric-biome-api-v1 13.0.29+5bd9f1bcd1
	   |-- fabric-block-api-v1 1.0.22+0af3f5a7d1
	   |-- fabric-block-view-api-v2 1.0.10+6573ed8cd1
	   |-- fabric-blockrenderlayer-v1 1.1.52+0af3f5a7d1
	   |-- fabric-client-tags-api-v1 1.1.15+6573ed8cd1
	   |-- fabric-command-api-v1 1.2.49+f71b366fd1
	   |-- fabric-command-api-v2 2.2.28+6ced4dd9d1
	   |-- fabric-commands-v0 0.2.66+df3654b3d1
	   |-- fabric-content-registries-v0 8.0.16+b5597344d1
	   |-- fabric-convention-tags-v1 2.0.19+7f945d5bd1
	   |-- fabric-convention-tags-v2 2.5.0+c5e2b5c6d1
	   |-- fabric-crash-report-info-v1 0.2.29+0af3f5a7d1
	   |-- fabric-data-attachment-api-v1 1.1.27+6a6dfa19d1
	   |-- fabric-data-generation-api-v1 20.2.16+16c4ae25d1
	   |-- fabric-dimensions-v1 4.0.0+6fc22b99d1
	   |-- fabric-entity-events-v1 1.6.12+6fc22b99d1
	   |-- fabric-events-interaction-v0 0.7.12+ba9dae06d1
	   |-- fabric-game-rule-api-v1 1.0.53+6ced4dd9d1
	   |-- fabric-item-api-v1 11.0.0+afdfc921d1
	   |-- fabric-item-group-api-v1 4.1.4+78017270d1
	   |-- fabric-key-binding-api-v1 1.0.47+0af3f5a7d1
	   |-- fabric-keybindings-v0 0.2.45+df3654b3d1
	   |-- fabric-lifecycle-events-v1 2.3.12+6c1df360d1
	   |-- fabric-loot-api-v2 3.0.14+3f89f5a5d1
	   |-- fabric-loot-api-v3 1.0.2+3f89f5a5d1
	   |-- fabric-message-api-v1 6.0.13+6573ed8cd1
	   |-- fabric-model-loading-api-v1 2.0.0+fe474d6bd1
	   |-- fabric-networking-api-v1 4.2.2+60c3209bd1
	   |-- fabric-object-builder-api-v1 15.2.0+a551f7a4d1
	   |-- fabric-particles-v1 4.0.2+6573ed8cd1
	   |-- fabric-recipe-api-v1 5.0.12+65089712d1
	   |-- fabric-registry-sync-v0 5.1.2+60c3209bd1
	   |-- fabric-renderer-api-v1 3.4.0+c705a49cd1
	   |-- fabric-renderer-indigo 1.7.0+c705a49cd1
	   |-- fabric-renderer-registries-v1 3.2.68+df3654b3d1
	   |-- fabric-rendering-data-attachment-v1 0.3.48+73761d2ed1
	   |-- fabric-rendering-fluids-v1 3.1.6+b5597344d1
	   |-- fabric-rendering-v0 1.1.71+df3654b3d1
	   |-- fabric-rendering-v1 5.0.5+df16efd0d1
	   |-- fabric-resource-conditions-api-v1 4.3.0+8dc279b1d1
	   |-- fabric-resource-loader-v0 1.3.0+56599129d1
	   |-- fabric-screen-api-v1 2.0.24+b5597344d1
	   |-- fabric-screen-handler-api-v1 1.3.86+b5597344d1
	   |-- fabric-sound-api-v1 1.0.23+6573ed8cd1
	   |-- fabric-transfer-api-v1 5.1.16+3dccd343d1
	   \-- fabric-transitive-access-wideners-v1 6.1.0+176f9036d1
	- fabricloader 0.16.3
	   \-- mixinextras 0.4.1
	- java 21
	- jei 19.21.0.247
	- minecraft 1.21
	- mr_craft_elytra 48.1
	- mr_saddle_craft 1-v.1.1.0
	- owo 0.12.15+1.21
	   |-- blue_endless_jankson 1.2.2
	   |-- io_wispforest_endec 0.1.5
	   |-- io_wispforest_endec_gson 0.1.3
	   |-- io_wispforest_endec_jankson 0.1.3
	   \-- io_wispforest_endec_netty 0.1.2
	- spyglass_improvements 1.5.7
	- trinkets 3.10.0
	   |-- cardinal-components-base 6.1.0
	   \-- cardinal-components-entity 6.1.0
	- waystones 21.1.7
	- weaponmaster_ydm 4.2.3
	- xaerominimap 25.0.0
[03:17:40] [main/WARN]: Found 1 non-fabric mod:
	- MyServerIsCompatible-1.21-1.0.jar
[03:17:40] [main/INFO]: SpongePowered MIXIN Subsystem Version=0.8.7 Source=file:/workspaces/improved-journey/servidor_minecraft/libraries/net/fabricmc/sponge-mixin/0.15.2+mixin.0.8.7/sponge-mixin-0.15.2+mixin.0.8.7.jar Service=Knot/Fabric Env=SERVER
[03:17:40] [main/INFO]: Compatibility level set to JAVA_17
[03:17:40] [main/INFO]: Compatibility level set to JAVA_21
[03:17:41] [main/WARN]: Error loading class: net/minecraft/class_287 (java.lang.ClassNotFoundException: net/minecraft/class_287)
[03:17:41] [main/WARN]: @Mixin target net.minecraft.class_287 was not found owo.mixins.json:BufferBuilderAccessor from mod owo
[03:17:41] [main/WARN]: Error loading class: net/minecraft/class_437 (java.lang.ClassNotFoundException: net/minecraft/class_437)
[03:17:41] [main/WARN]: @Mixin target net.minecraft.class_437 was not found owo.mixins.json:ScreenAccessor from mod owo
[03:17:41] [main/WARN]: Error loading class: xyz/nucleoid/server/translations/impl/language/SystemDelegatedLanguage (java.lang.ClassNotFoundException: xyz/nucleoid/server/translations/impl/language/SystemDelegatedLanguage)
[03:17:41] [main/INFO]: Initializing MixinExtras via com.llamalad7.mixinextras.service.MixinExtrasServiceImpl(version=0.4.1).
[03:17:49] [main/INFO]: Did you know that Air is made of 78 percent nitrogen and 21 percent oxygen?
[03:17:49] [main/INFO]: Config 'weaponmaster_ydm_config' is missing, generating default one...
[03:17:49] [main/INFO]: [STDOUT]: Initialize WeaponMaster
[03:17:49] [main/INFO]: Loading Xaero's Minimap - Stage 1/2 (Server)
[03:17:49] [main/INFO]: Environment: Environment[sessionHost=https://sessionserver.mojang.com, servicesHost=https://api.minecraftservices.com, name=PROD]
[03:17:50] [main/INFO]: No existing world data, creating new world
[03:17:51] [main/INFO]: Loaded 1353 recipes
[03:17:51] [main/INFO]: Loaded 1462 advancements
[03:17:51] [main/INFO]: Applied 66 biome modifications to 63 of 64 new biomes in 10.42 ms
[03:17:51] [Server thread/INFO]: Starting minecraft server version 1.21
[03:17:51] [Server thread/INFO]: Loading properties
[03:17:51] [Server thread/INFO]: Default game type: SURVIVAL
[03:17:51] [Server thread/INFO]: Generating keypair
[03:17:52] [Server thread/INFO]: Starting Minecraft server on *:25565
[03:17:52] [Server thread/INFO]: Using epoll channel type
[03:17:52] [Server thread/WARN]: **** SERVER IS RUNNING IN OFFLINE/INSECURE MODE!
[03:17:52] [Server thread/WARN]: The server will make no attempt to authenticate usernames. Beware.
[03:17:52] [Server thread/WARN]: While this makes the game possible to play without internet access, it also opens up the ability for hackers to connect with any username they choose.
[03:17:52] [Server thread/WARN]: To change this, set "online-mode" to "true" in the server.properties file.
[03:17:52] [Server thread/INFO]: Preparing level "world"
[03:17:59] [Server thread/INFO]: Preparing start region for dimension minecraft:overworld
[03:17:59] [Worker-Main-1/INFO]: Preparing spawn area: 2%
[03:18:00] [Worker-Main-3/INFO]: Preparing spawn area: 2%
[03:18:00] [Worker-Main-3/INFO]: Preparing spawn area: 2%
[03:18:01] [Worker-Main-3/INFO]: Preparing spawn area: 2%
[03:18:01] [Worker-Main-3/INFO]: Preparing spawn area: 4%
[03:18:02] [Worker-Main-3/INFO]: Preparing spawn area: 18%
[03:18:02] [Worker-Main-3/INFO]: Preparing spawn area: 18%
[03:18:03] [Worker-Main-2/INFO]: Preparing spawn area: 18%
[03:18:03] [Worker-Main-2/INFO]: Preparing spawn area: 51%
[03:18:04] [Worker-Main-3/INFO]: Preparing spawn area: 51%
[03:18:04] [Worker-Main-2/INFO]: Preparing spawn area: 51%
[03:18:05] [Worker-Main-2/INFO]: Preparing spawn area: 51%
[03:18:05] [Worker-Main-2/INFO]: Preparing spawn area: 51%
[03:18:05] [Server thread/INFO]: Time elapsed: 6270 ms
[03:18:05] [Server thread/INFO]: Done (13.647s)! For help, type "help"
[03:18:05] [Server thread/INFO]: Loading Xaero's Minimap - Stage 2/2 (Server)
